(15/03/2024) WARNING -> Unable to locate file for Cats (/Users/poojadissanayake/Documents/Deakin/Trimester1/SIT771/1.4/MakingAScene/images/cat.png) [raised in images.cpp:102]
(15/03/2024) WARNING -> Unable to locate file for cats (/Users/poojadissanayake/Documents/Deakin/Trimester1/SIT771/1.4/MakingAScene/Resources/images/cat.png) [raised in images.cpp:102]
(15/03/2024) WARNING -> Unable to locate file for ufo (/Users/poojadissanayake/Documents/Deakin/Trimester1/SIT771/1.4/MakingAScene/Resources/images/ufo.png) [raised in images.cpp:102]
(15/03/2024) WARNING -> Unable to locate file for bomb (/Users/poojadissanayake/Documents/Deakin/Trimester1/SIT771/1.4/MakingAScene/Resources/images/cucumberBomb.png) [raised in images.cpp:102]
(15/03/2024) WARNING -> Unable to locate file for planet (/Users/poojadissanayake/Documents/Deakin/Trimester1/SIT771/1.4/MakingAScene/Resources/images/planet.png) [raised in images.cpp:102]
(15/03/2024) WARNING -> Unable to locate file for grinch (/Users/poojadissanayake/Documents/Deakin/Trimester1/SIT771/1.4/MakingAScene/Resources/images/grinch.png) [raised in images.cpp:102]
(15/03/2024) WARNING -> Unable to locate file for hi (/Users/poojadissanayake/Documents/Deakin/Trimester1/SIT771/1.4/MakingAScene/Resources/images/hi.png) [raised in images.cpp:102]
(15/03/2024) WARNING -> Unable to locate file for drum (/Users/poojadissanayake/Documents/Deakin/Trimester1/SIT771/1.4/MakingAScene/Resources/sounds/drum_roll.wav) [raised in sound.cpp:79]
(15/03/2024) WARNING -> Play Sound Effect called, but no valid sound effect supplied [raised in sound.cpp:137]
(15/03/2024) WARNING -> Error trying to draw bitmap: passed in bmp is an invalid bitmap pointer. [raised in images.cpp:230]
(15/03/2024) WARNING -> Error trying to draw bitmap: passed in bmp is an invalid bitmap pointer. [raised in images.cpp:230]
(15/03/2024) WARNING -> Error trying to draw bitmap: passed in bmp is an invalid bitmap pointer. [raised in images.cpp:230]
(15/03/2024) WARNING -> Error trying to draw bitmap: passed in bmp is an invalid bitmap pointer. [raised in images.cpp:230]
(15/03/2024) WARNING -> Error trying to draw bitmap: passed in bmp is an invalid bitmap pointer. [raised in images.cpp:230]
(15/03/2024) WARNING -> Error trying to draw bitmap: passed in bmp is an invalid bitmap pointer. [raised in images.cpp:230]
(15/03/2024) WARNING -> Unable to locate file for drum (/Users/poojadissanayake/Documents/Deakin/Trimester1/SIT771/1.4/MakingAScene/sounds/drum_roll.wav) [raised in sound.cpp:79]
(15/03/2024) WARNING -> Play Sound Effect called, but no valid sound effect supplied [raised in sound.cpp:137]
(15/03/2024) WARNING -> Unable to locate file for wow (/Users/poojadissanayake/Documents/Deakin/Trimester1/SIT771/1.4/MakingAScene/sounds/wow.wav) [raised in sound.cpp:79]
(15/03/2024) WARNING -> Unable to locate file for wow (/Users/poojadissanayake/Documents/Deakin/Trimester1/SIT771/1.4/MakingAScene/sounds/wow.wav) [raised in sound.cpp:79]
(15/03/2024) WARNING -> Unable to locate file for wow (/Users/poojadissanayake/Documents/Deakin/Trimester1/SIT771/1.4/MakingAScene/sounds/wow.wav) [raised in sound.cpp:79]
(15/03/2024) WARNING -> Unable to locate file for wow (/Users/poojadissanayake/Documents/Deakin/Trimester1/SIT771/1.4/MakingAScene/sounds/wow.wav) [raised in sound.cpp:79]
(15/03/2024) WARNING -> Unable to locate file for wow (/Users/poojadissanayake/Documents/Deakin/Trimester1/SIT771/1.4/MakingAScene/sounds/wow.wav) [raised in sound.cpp:79]
(15/03/2024) WARNING -> Unable to locate file for wow (/Users/poojadissanayake/Documents/Deakin/Trimester1/SIT771/1.4/MakingAScene/sounds/wow.wav) [raised in sound.cpp:79]
(15/03/2024) WARNING -> Unable to locate file for wow (/Users/poojadissanayake/Documents/Deakin/Trimester1/SIT771/1.4/MakingAScene/sounds/wow.wav) [raised in sound.cpp:79]
(15/03/2024) WARNING -> Unable to locate file for wow (/Users/poojadissanayake/Documents/Deakin/Trimester1/SIT771/1.4/MakingAScene/sounds/wow.wav) [raised in sound.cpp:79]
(15/03/2024) WARNING -> Unable to locate file for wow (/Users/poojadissanayake/Documents/Deakin/Trimester1/SIT771/1.4/MakingAScene/sounds/wow.wav) [raised in sound.cpp:79]
(15/03/2024) WARNING -> Unable to locate file for wow (/Users/poojadissanayake/Documents/Deakin/Trimester1/SIT771/1.4/MakingAScene/sounds/wow.wav) [raised in sound.cpp:79]
(15/03/2024) WARNING -> Unable to locate file for wow (/Users/poojadissanayake/Documents/Deakin/Trimester1/SIT771/1.4/MakingAScene/sounds/wow.wav) [raised in sound.cpp:79]
(15/03/2024) WARNING -> Unable to locate file for wow (/Users/poojadissanayake/Documents/Deakin/Trimester1/SIT771/1.4/MakingAScene/sounds/wow.wav) [raised in sound.cpp:79]
(15/03/2024) WARNING -> Unable to locate file for wow (/Users/poojadissanayake/Documents/Deakin/Trimester1/SIT771/1.4/MakingAScene/sounds/wow.wav) [raised in sound.cpp:79]
(15/03/2024) WARNING -> Unable to locate file for wow (/Users/poojadissanayake/Documents/Deakin/Trimester1/SIT771/1.4/MakingAScene/sounds/wow.wav) [raised in sound.cpp:79]
(15/03/2024) WARNING -> Unable to locate file for wow (/Users/poojadissanayake/Documents/Deakin/Trimester1/SIT771/1.4/MakingAScene/sounds/wow.wav) [raised in sound.cpp:79]
(15/03/2024) WARNING -> Unable to locate file for wow (/Users/poojadissanayake/Documents/Deakin/Trimester1/SIT771/1.4/MakingAScene/sounds/wow.wav) [raised in sound.cpp:79]
(15/03/2024) WARNING -> Unable to locate file for wow (/Users/poojadissanayake/Documents/Deakin/Trimester1/SIT771/1.4/MakingAScene/sounds/wow.wav) [raised in sound.cpp:79]
(15/03/2024) WARNING -> Unable to locate file for wow (/Users/poojadissanayake/Documents/Deakin/Trimester1/SIT771/1.4/MakingAScene/sounds/wow.wav) [raised in sound.cpp:79]
(15/03/2024) WARNING -> Unable to locate file for wow (/Users/poojadissanayake/Documents/Deakin/Trimester1/SIT771/1.4/MakingAScene/sounds/wow.wav) [raised in sound.cpp:79]
(15/03/2024) WARNING -> Unable to locate file for wow (/Users/poojadissanayake/Documents/Deakin/Trimester1/SIT771/1.4/MakingAScene/sounds/wow.wav) [raised in sound.cpp:79]
(15/03/2024) WARNING -> Unable to locate file for wow (/Users/poojadissanayake/Documents/Deakin/Trimester1/SIT771/1.4/MakingAScene/sounds/wow.wav) [raised in sound.cpp:79]
(15/03/2024) WARNING -> Unable to locate file for wow (/Users/poojadissanayake/Documents/Deakin/Trimester1/SIT771/1.4/MakingAScene/sounds/wow.wav) [raised in sound.cpp:79]
(15/03/2024) WARNING -> Unable to locate file for wow (/Users/poojadissanayake/Documents/Deakin/Trimester1/SIT771/1.4/MakingAScene/sounds/wow.wav) [raised in sound.cpp:79]
(15/03/2024) WARNING -> Unable to locate file for wow (/Users/poojadissanayake/Documents/Deakin/Trimester1/SIT771/1.4/MakingAScene/sounds/wow.wav) [raised in sound.cpp:79]
(15/03/2024) WARNING -> Unable to locate file for wow (/Users/poojadissanayake/Documents/Deakin/Trimester1/SIT771/1.4/MakingAScene/sounds/wow.wav) [raised in sound.cpp:79]
(15/03/2024) WARNING -> Unable to locate file for wow (/Users/poojadissanayake/Documents/Deakin/Trimester1/SIT771/1.4/MakingAScene/sounds/wow.wav) [raised in sound.cpp:79]
(15/03/2024) WARNING -> Unable to locate file for wow (/Users/poojadissanayake/Documents/Deakin/Trimester1/SIT771/1.4/MakingAScene/sounds/wow.wav) [raised in sound.cpp:79]
(15/03/2024) WARNING -> Unable to locate file for wow (/Users/poojadissanayake/Documents/Deakin/Trimester1/SIT771/1.4/MakingAScene/sounds/wow.wav) [raised in sound.cpp:79]
(16/03/2024) WARNING -> Unable to locate file for wow (/Users/poojadissanayake/Documents/Deakin/Trimester1/SIT771/1.4/MakingAScene/sounds/wow.wav) [raised in sound.cpp:79]
(16/03/2024) WARNING -> Unable to locate file for wow (/Users/poojadissanayake/Documents/Deakin/Trimester1/SIT771/1.4/MakingAScene/sounds/wow.wav) [raised in sound.cpp:79]
(16/03/2024) WARNING -> Unable to locate file for wow (/Users/poojadissanayake/Documents/Deakin/Trimester1/SIT771/1.4/MakingAScene/sounds/wow.wav) [raised in sound.cpp:79]
(16/03/2024) WARNING -> Unable to locate file for wow (/Users/poojadissanayake/Documents/Deakin/Trimester1/SIT771/1.4/MakingAScene/sounds/wow.wav) [raised in sound.cpp:79]
(16/03/2024) WARNING -> Play Sound Effect called, but no valid sound effect supplied [raised in sound.cpp:137]
(16/03/2024) WARNING -> Unable to locate file for wow (/Users/poojadissanayake/Documents/Deakin/Trimester1/SIT771/1.4/MakingAScene/sounds/wow.wav) [raised in sound.cpp:79]
(16/03/2024) WARNING -> Play Sound Effect called, but no valid sound effect supplied [raised in sound.cpp:137]
(16/03/2024) WARNING -> Unable to locate file for wow (/Users/poojadissanayake/Documents/Deakin/Trimester1/SIT771/1.4/MakingAScene/sounds/wow.wav) [raised in sound.cpp:79]
(16/03/2024) WARNING -> Play Sound Effect called, but no valid sound effect supplied [raised in sound.cpp:137]
(16/03/2024) WARNING -> Unable to locate file for wow (/Users/poojadissanayake/Documents/Deakin/Trimester1/SIT771/1.4/MakingAScene/sounds/wow.wav) [raised in sound.cpp:79]
(16/03/2024) WARNING -> Play Sound Effect called, but no valid sound effect supplied [raised in sound.cpp:137]
(16/03/2024) WARNING -> Unable to locate file for wow (/Users/poojadissanayake/Documents/Deakin/Trimester1/SIT771/1.4/MakingAScene/sounds/wow.wav) [raised in sound.cpp:79]
(16/03/2024) WARNING -> Play Sound Effect called, but no valid sound effect supplied [raised in sound.cpp:137]
(16/03/2024) WARNING -> Unable to locate file for wow (/Users/poojadissanayake/Documents/Deakin/Trimester1/SIT771/1.4/MakingAScene/sounds/wow.wav) [raised in sound.cpp:79]
(16/03/2024) WARNING -> Play Sound Effect called, but no valid sound effect supplied [raised in sound.cpp:137]
(16/03/2024) WARNING -> Unable to locate file for wow (/Users/poojadissanayake/Documents/Deakin/Trimester1/SIT771/1.4/MakingAScene/sounds/wow.wav) [raised in sound.cpp:79]
(16/03/2024) WARNING -> Play Sound Effect called, but no valid sound effect supplied [raised in sound.cpp:137]
(16/03/2024) WARNING -> Unable to locate file for wow (/Users/poojadissanayake/Documents/Deakin/Trimester1/SIT771/1.4/MakingAScene/sounds/wow.wav) [raised in sound.cpp:79]
(16/03/2024) WARNING -> Play Sound Effect called, but no valid sound effect supplied [raised in sound.cpp:137]
(16/03/2024) WARNING -> Unable to locate file for wow (/Users/poojadissanayake/Documents/Deakin/Trimester1/SIT771/1.4/MakingAScene/sounds/wow.wav) [raised in sound.cpp:79]
(16/03/2024) WARNING -> Play Sound Effect called, but no valid sound effect supplied [raised in sound.cpp:137]
(16/03/2024) WARNING -> Unable to locate file for wow (/Users/poojadissanayake/Documents/Deakin/Trimester1/SIT771/1.4/MakingAScene/sounds/wow.wav) [raised in sound.cpp:79]
(16/03/2024) WARNING -> Play Sound Effect called, but no valid sound effect supplied [raised in sound.cpp:137]
(16/03/2024) WARNING -> Unable to locate file for wow (/Users/poojadissanayake/Documents/Deakin/Trimester1/SIT771/1.4/MakingAScene/sounds/wow.wav) [raised in sound.cpp:79]
(16/03/2024) WARNING -> Play Sound Effect called, but no valid sound effect supplied [raised in sound.cpp:137]
(16/03/2024) WARNING -> Unable to locate file for wow (/Users/poojadissanayake/Documents/Deakin/Trimester1/SIT771/1.4/MakingAScene/sounds/wow.wav) [raised in sound.cpp:79]
(16/03/2024) WARNING -> Play Sound Effect called, but no valid sound effect supplied [raised in sound.cpp:137]
(16/03/2024) WARNING -> Unable to locate file for wow (/Users/poojadissanayake/Documents/Deakin/Trimester1/SIT771/1.4/MakingAScene/sounds/wow.wav) [raised in sound.cpp:79]
(16/03/2024) WARNING -> Play Sound Effect called, but no valid sound effect supplied [raised in sound.cpp:137]
(16/03/2024) WARNING -> Unable to locate file for wow (/Users/poojadissanayake/Documents/Deakin/Trimester1/SIT771/1.4/MakingAScene/sounds/wow.wav) [raised in sound.cpp:79]
(16/03/2024) WARNING -> Play Sound Effect called, but no valid sound effect supplied [raised in sound.cpp:137]
(16/03/2024) WARNING -> Unable to locate file for wow (/Users/poojadissanayake/Documents/Deakin/Trimester1/SIT771/1.4/MakingAScene/sounds/wow.wav) [raised in sound.cpp:79]
(16/03/2024) WARNING -> Play Sound Effect called, but no valid sound effect supplied [raised in sound.cpp:137]
(16/03/2024) WARNING -> Unable to locate file for wow (/Users/poojadissanayake/Documents/Deakin/Trimester1/SIT771/1.4/MakingAScene/sounds/wow.wav) [raised in sound.cpp:79]
(16/03/2024) WARNING -> Play Sound Effect called, but no valid sound effect supplied [raised in sound.cpp:137]
(16/03/2024) WARNING -> Unable to locate file for wow (/Users/poojadissanayake/Documents/Deakin/Trimester1/SIT771/1.4/MakingAScene/sounds/wow.wav) [raised in sound.cpp:79]
(16/03/2024) WARNING -> Play Sound Effect called, but no valid sound effect supplied [raised in sound.cpp:137]
(16/03/2024) WARNING -> Unable to locate file for wow (/Users/poojadissanayake/Documents/Deakin/Trimester1/SIT771/1.4/MakingAScene/sounds/wow.wav) [raised in sound.cpp:79]
(16/03/2024) WARNING -> Play Sound Effect called, but no valid sound effect supplied [raised in sound.cpp:137]
(16/03/2024) WARNING -> Unable to locate file for wow (/Users/poojadissanayake/Documents/Deakin/Trimester1/SIT771/1.4/MakingAScene/sounds/wow.wav) [raised in sound.cpp:79]
(16/03/2024) WARNING -> Unable to locate file for wow (/Users/poojadissanayake/Documents/Deakin/Trimester1/SIT771/1.4/MakingAScene/sounds/wow.wav) [raised in sound.cpp:79]
(16/03/2024) WARNING -> Unable to locate file for wow (/Users/poojadissanayake/Documents/Deakin/Trimester1/SIT771/1.4/MakingAScene/sounds/wow.wav) [raised in sound.cpp:79]
(16/03/2024) WARNING -> Unable to locate file for wow (/Users/poojadissanayake/Documents/Deakin/Trimester1/SIT771/1.4/MakingAScene/sounds/wow.wav) [raised in sound.cpp:79]
(16/03/2024) WARNING -> Unable to locate file for wow (/Users/poojadissanayake/Documents/Deakin/Trimester1/SIT771/1.4/MakingAScene/sounds/wow.wav) [raised in sound.cpp:79]
(16/03/2024) WARNING -> Unable to locate file for wow (/Users/poojadissanayake/Documents/Deakin/Trimester1/SIT771/1.4/MakingAScene/sounds/wow.wav) [raised in sound.cpp:79]
(16/03/2024) WARNING -> Unable to locate file for wow (/Users/poojadissanayake/Documents/Deakin/Trimester1/SIT771/1.4/MakingAScene/sounds/wow.wav) [raised in sound.cpp:79]
(16/03/2024) WARNING -> Unable to locate file for wow (/Users/poojadissanayake/Documents/Deakin/Trimester1/SIT771/1.4/MakingAScene/sounds/wow.wav) [raised in sound.cpp:79]
(16/03/2024) WARNING -> Unable to locate file for wow (/Users/poojadissanayake/Documents/Deakin/Trimester1/SIT771/1.4/MakingAScene/sounds/wow.wav) [raised in sound.cpp:79]
(16/03/2024) WARNING -> Unable to locate file for wow (/Users/poojadissanayake/Documents/Deakin/Trimester1/SIT771/1.4/MakingAScene/sounds/wow.wav) [raised in sound.cpp:79]
(16/03/2024) WARNING -> Unable to locate file for wow (/Users/poojadissanayake/Documents/Deakin/Trimester1/SIT771/1.4/MakingAScene/sounds/wow.wav) [raised in sound.cpp:79]
(16/03/2024) WARNING -> Unable to locate file for wow (/Users/poojadissanayake/Documents/Deakin/Trimester1/SIT771/1.4/MakingAScene/sounds/wow.wav) [raised in sound.cpp:79]
(16/03/2024) WARNING -> Unable to locate file for wow (/Users/poojadissanayake/Documents/Deakin/Trimester1/SIT771/1.4/MakingAScene/sounds/wow.wav) [raised in sound.cpp:79]
(16/03/2024) WARNING -> Unable to locate file for wow (/Users/poojadissanayake/Documents/Deakin/Trimester1/SIT771/1.4/MakingAScene/sounds/wow.wav) [raised in sound.cpp:79]
(16/03/2024) WARNING -> Unable to locate file for wow (/Users/poojadissanayake/Documents/Deakin/Trimester1/SIT771/1.4/MakingAScene/sounds/wow.wav) [raised in sound.cpp:79]
(16/03/2024) WARNING -> Unable to locate file for wow (/Users/poojadissanayake/Documents/Deakin/Trimester1/SIT771/1.4/MakingAScene/sounds/wow.wav) [raised in sound.cpp:79]
(16/03/2024) WARNING -> Unable to locate file for wow (/Users/poojadissanayake/Documents/Deakin/Trimester1/SIT771/1.4/MakingAScene/sounds/wow.wav) [raised in sound.cpp:79]
(16/03/2024) WARNING -> Unable to locate file for wow (/Users/poojadissanayake/Documents/Deakin/Trimester1/SIT771/1.4/MakingAScene/sounds/wow.wav) [raised in sound.cpp:79]
(16/03/2024) WARNING -> Unable to locate file for wow (/Users/poojadissanayake/Documents/Deakin/Trimester1/SIT771/1.4/MakingAScene/sounds/wow.wav) [raised in sound.cpp:79]
(16/03/2024) WARNING -> Unable to locate file for wow (/Users/poojadissanayake/Documents/Deakin/Trimester1/SIT771/1.4/MakingAScene/sounds/wow.wav) [raised in sound.cpp:79]
(16/03/2024) WARNING -> Unable to locate file for wow (/Users/poojadissanayake/Documents/Deakin/Trimester1/SIT771/1.4/MakingAScene/sounds/wow.wav) [raised in sound.cpp:79]
(16/03/2024) WARNING -> Unable to locate file for wow (/Users/poojadissanayake/Documents/Deakin/Trimester1/SIT771/1.4/MakingAScene/sounds/wow.wav) [raised in sound.cpp:79]
(16/03/2024) WARNING -> Unable to locate file for wow (/Users/poojadissanayake/Documents/Deakin/Trimester1/SIT771/1.4/MakingAScene/sounds/wow.wav) [raised in sound.cpp:79]
(16/03/2024) WARNING -> Unable to locate file for wow (/Users/poojadissanayake/Documents/Deakin/Trimester1/SIT771/1.4/MakingAScene/sounds/wow.wav) [raised in sound.cpp:79]
(16/03/2024) WARNING -> Unable to locate file for wow (/Users/poojadissanayake/Documents/Deakin/Trimester1/SIT771/1.4/MakingAScene/sounds/wow.wav) [raised in sound.cpp:79]
(16/03/2024) WARNING -> Unable to locate file for wow (/Users/poojadissanayake/Documents/Deakin/Trimester1/SIT771/1.4/MakingAScene/sounds/wow.wav) [raised in sound.cpp:79]
(16/03/2024) WARNING -> Unable to locate file for wow (/Users/poojadissanayake/Documents/Deakin/Trimester1/SIT771/1.4/MakingAScene/sounds/wow.wav) [raised in sound.cpp:79]
(16/03/2024) WARNING -> Unable to locate file for wow (/Users/poojadissanayake/Documents/Deakin/Trimester1/SIT771/1.4/MakingAScene/sounds/wow.wav) [raised in sound.cpp:79]
(16/03/2024) WARNING -> Unable to locate file for wow (/Users/poojadissanayake/Documents/Deakin/Trimester1/SIT771/1.4/MakingAScene/sounds/wow.wav) [raised in sound.cpp:79]
(16/03/2024) WARNING -> Unable to locate file for wow (/Users/poojadissanayake/Documents/Deakin/Trimester1/SIT771/1.4/MakingAScene/sounds/wow.wav) [raised in sound.cpp:79]
(16/03/2024) WARNING -> Unable to locate file for wow (/Users/poojadissanayake/Documents/Deakin/Trimester1/SIT771/1.4/MakingAScene/sounds/wow.wav) [raised in sound.cpp:79]
(16/03/2024) WARNING -> Unable to locate file for wow (/Users/poojadissanayake/Documents/Deakin/Trimester1/SIT771/1.4/MakingAScene/sounds/wow.wav) [raised in sound.cpp:79]
(16/03/2024) WARNING -> Unable to locate file for wow (/Users/poojadissanayake/Documents/Deakin/Trimester1/SIT771/1.4/MakingAScene/sounds/wow.wav) [raised in sound.cpp:79]
(16/03/2024) WARNING -> Unable to locate file for wow (/Users/poojadissanayake/Documents/Deakin/Trimester1/SIT771/1.4/MakingAScene/sounds/wow.wav) [raised in sound.cpp:79]
(16/03/2024) WARNING -> Unable to locate file for wow (/Users/poojadissanayake/Documents/Deakin/Trimester1/SIT771/1.4/MakingAScene/sounds/wow.wav) [raised in sound.cpp:79]
(16/03/2024) WARNING -> Unable to locate file for wow (/Users/poojadissanayake/Documents/Deakin/Trimester1/SIT771/1.4/MakingAScene/sounds/wow.wav) [raised in sound.cpp:79]
(16/03/2024) WARNING -> Unable to locate file for wow (/Users/poojadissanayake/Documents/Deakin/Trimester1/SIT771/1.4/MakingAScene/sounds/wow.wav) [raised in sound.cpp:79]
(16/03/2024) WARNING -> Unable to locate file for wow (/Users/poojadissanayake/Documents/Deakin/Trimester1/SIT771/1.4/MakingAScene/sounds/wow.wav) [raised in sound.cpp:79]
(16/03/2024) WARNING -> Unable to locate file for wow (/Users/poojadissanayake/Documents/Deakin/Trimester1/SIT771/1.4/MakingAScene/sounds/wow.wav) [raised in sound.cpp:79]
(16/03/2024) WARNING -> Unable to locate file for wow (/Users/poojadissanayake/Documents/Deakin/Trimester1/SIT771/1.4/MakingAScene/sounds/wow.wav) [raised in sound.cpp:79]
(16/03/2024) WARNING -> Unable to locate file for wow (/Users/poojadissanayake/Documents/Deakin/Trimester1/SIT771/1.4/MakingAScene/sounds/wow.wav) [raised in sound.cpp:79]
(16/03/2024) WARNING -> Unable to locate file for wow (/Users/poojadissanayake/Documents/Deakin/Trimester1/SIT771/1.4/MakingAScene/sounds/wow.wav) [raised in sound.cpp:79]
(16/03/2024) WARNING -> Unable to locate file for wow (/Users/poojadissanayake/Documents/Deakin/Trimester1/SIT771/1.4/MakingAScene/sounds/wow.wav) [raised in sound.cpp:79]
(16/03/2024) WARNING -> Unable to locate file for wow (/Users/poojadissanayake/Documents/Deakin/Trimester1/SIT771/1.4/MakingAScene/sounds/wow.wav) [raised in sound.cpp:79]
(16/03/2024) WARNING -> Unable to locate file for wow (/Users/poojadissanayake/Documents/Deakin/Trimester1/SIT771/1.4/MakingAScene/sounds/wow.wav) [raised in sound.cpp:79]
(16/03/2024) WARNING -> Unable to locate file for wow (/Users/poojadissanayake/Documents/Deakin/Trimester1/SIT771/1.4/MakingAScene/sounds/wow.wav) [raised in sound.cpp:79]
(16/03/2024) WARNING -> Unable to locate file for wow (/Users/poojadissanayake/Documents/Deakin/Trimester1/SIT771/1.4/MakingAScene/sounds/wow.wav) [raised in sound.cpp:79]
(16/03/2024) WARNING -> Unable to locate file for wow (/Users/poojadissanayake/Documents/Deakin/Trimester1/SIT771/1.4/MakingAScene/sounds/wow.wav) [raised in sound.cpp:79]
(16/03/2024) WARNING -> Unable to locate file for wow (/Users/poojadissanayake/Documents/Deakin/Trimester1/SIT771/1.4/MakingAScene/sounds/wow.wav) [raised in sound.cpp:79]
(16/03/2024) WARNING -> Unable to locate file for wow (/Users/poojadissanayake/Documents/Deakin/Trimester1/SIT771/1.4/MakingAScene/sounds/wow.wav) [raised in sound.cpp:79]
(16/03/2024) WARNING -> Unable to locate file for wow (/Users/poojadissanayake/Documents/Deakin/Trimester1/SIT771/1.4/MakingAScene/sounds/wow.wav) [raised in sound.cpp:79]
(16/03/2024) WARNING -> Unable to locate file for wow (/Users/poojadissanayake/Documents/Deakin/Trimester1/SIT771/1.4/MakingAScene/sounds/wow.wav) [raised in sound.cpp:79]
(16/03/2024) WARNING -> Unable to locate file for wow (/Users/poojadissanayake/Documents/Deakin/Trimester1/SIT771/1.4/MakingAScene/sounds/wow.wav) [raised in sound.cpp:79]
(16/03/2024) WARNING -> Unable to locate file for wow (/Users/poojadissanayake/Documents/Deakin/Trimester1/SIT771/1.4/MakingAScene/sounds/wow.wav) [raised in sound.cpp:79]
(16/03/2024) WARNING -> Unable to locate file for wow (/Users/poojadissanayake/Documents/Deakin/Trimester1/SIT771/1.4/MakingAScene/sounds/wow.wav) [raised in sound.cpp:79]
(16/03/2024) WARNING -> Unable to locate file for wow (/Users/poojadissanayake/Documents/Deakin/Trimester1/SIT771/1.4/MakingAScene/sounds/wow.wav) [raised in sound.cpp:79]
(16/03/2024) WARNING -> Unable to locate file for wow (/Users/poojadissanayake/Documents/Deakin/Trimester1/SIT771/1.4/MakingAScene/sounds/wow.wav) [raised in sound.cpp:79]
(16/03/2024) WARNING -> Unable to locate file for wow (/Users/poojadissanayake/Documents/Deakin/Trimester1/SIT771/1.4/MakingAScene/sounds/wow.wav) [raised in sound.cpp:79]
(16/03/2024) WARNING -> Unable to locate file for wow (/Users/poojadissanayake/Documents/Deakin/Trimester1/SIT771/1.4/MakingAScene/sounds/wow.wav) [raised in sound.cpp:79]
(16/03/2024) WARNING -> Unable to locate file for wow (/Users/poojadissanayake/Documents/Deakin/Trimester1/SIT771/1.4/MakingAScene/sounds/wow.wav) [raised in sound.cpp:79]
(16/03/2024) WARNING -> Unable to locate file for wow (/Users/poojadissanayake/Documents/Deakin/Trimester1/SIT771/1.4/MakingAScene/sounds/wow.wav) [raised in sound.cpp:79]
(16/03/2024) WARNING -> Unable to locate file for wow (/Users/poojadissanayake/Documents/Deakin/Trimester1/SIT771/1.4/MakingAScene/sounds/wow.wav) [raised in sound.cpp:79]
(16/03/2024) WARNING -> Unable to locate file for wow (/Users/poojadissanayake/Documents/Deakin/Trimester1/SIT771/1.4/MakingAScene/sounds/wow.wav) [raised in sound.cpp:79]
(16/03/2024) WARNING -> Unable to locate file for wow (/Users/poojadissanayake/Documents/Deakin/Trimester1/SIT771/1.4/MakingAScene/sounds/wow.wav) [raised in sound.cpp:79]
(16/03/2024) WARNING -> Unable to locate file for wow (/Users/poojadissanayake/Documents/Deakin/Trimester1/SIT771/1.4/MakingAScene/sounds/wow.wav) [raised in sound.cpp:79]
(16/03/2024) WARNING -> Unable to locate file for wow (/Users/poojadissanayake/Documents/Deakin/Trimester1/SIT771/1.4/MakingAScene/sounds/wow.wav) [raised in sound.cpp:79]
(16/03/2024) WARNING -> Unable to locate file for wow (/Users/poojadissanayake/Documents/Deakin/Trimester1/SIT771/1.4/MakingAScene/sounds/wow.wav) [raised in sound.cpp:79]
(16/03/2024) WARNING -> Unable to locate file for wow (/Users/poojadissanayake/Documents/Deakin/Trimester1/SIT771/1.4/MakingAScene/sounds/wow.wav) [raised in sound.cpp:79]
(16/03/2024) WARNING -> Unable to locate file for wow (/Users/poojadissanayake/Documents/Deakin/Trimester1/SIT771/1.4/MakingAScene/sounds/wow.wav) [raised in sound.cpp:79]
(16/03/2024) WARNING -> Unable to locate file for wow (/Users/poojadissanayake/Documents/Deakin/Trimester1/SIT771/1.4/MakingAScene/sounds/wow.wav) [raised in sound.cpp:79]
(16/03/2024) WARNING -> Unable to locate file for wow (/Users/poojadissanayake/Documents/Deakin/Trimester1/SIT771/1.4/MakingAScene/sounds/wow.wav) [raised in sound.cpp:79]
(16/03/2024) WARNING -> Unable to locate file for wow (/Users/poojadissanayake/Documents/Deakin/Trimester1/SIT771/1.4/MakingAScene/sounds/wow.wav) [raised in sound.cpp:79]
(16/03/2024) WARNING -> Unable to locate file for wow (/Users/poojadissanayake/Documents/Deakin/Trimester1/SIT771/1.4/MakingAScene/sounds/wow.wav) [raised in sound.cpp:79]
(16/03/2024) WARNING -> Unable to locate file for wow (/Users/poojadissanayake/Documents/Deakin/Trimester1/SIT771/1.4/MakingAScene/sounds/wow.wav) [raised in sound.cpp:79]
(16/03/2024) WARNING -> Unable to locate file for wow (/Users/poojadissanayake/Documents/Deakin/Trimester1/SIT771/1.4/MakingAScene/sounds/wow.wav) [raised in sound.cpp:79]
(16/03/2024) WARNING -> Unable to locate file for wow (/Users/poojadissanayake/Documents/Deakin/Trimester1/SIT771/1.4/MakingAScene/sounds/wow.wav) [raised in sound.cpp:79]
(16/03/2024) WARNING -> Unable to locate file for wow (/Users/poojadissanayake/Documents/Deakin/Trimester1/SIT771/1.4/MakingAScene/sounds/wow.wav) [raised in sound.cpp:79]
(16/03/2024) WARNING -> Unable to locate file for wow (/Users/poojadissanayake/Documents/Deakin/Trimester1/SIT771/1.4/MakingAScene/sounds/wow.wav) [raised in sound.cpp:79]
(16/03/2024) WARNING -> Unable to locate file for wow (/Users/poojadissanayake/Documents/Deakin/Trimester1/SIT771/1.4/MakingAScene/sounds/wow.wav) [raised in sound.cpp:79]
(16/03/2024) WARNING -> Unable to locate file for wow (/Users/poojadissanayake/Documents/Deakin/Trimester1/SIT771/1.4/MakingAScene/sounds/wow.wav) [raised in sound.cpp:79]
(16/03/2024) WARNING -> Unable to locate file for wow (/Users/poojadissanayake/Documents/Deakin/Trimester1/SIT771/1.4/MakingAScene/sounds/wow.wav) [raised in sound.cpp:79]
(16/03/2024) WARNING -> Unable to locate file for wow (/Users/poojadissanayake/Documents/Deakin/Trimester1/SIT771/1.4/MakingAScene/sounds/wow.wav) [raised in sound.cpp:79]
(16/03/2024) WARNING -> Unable to locate file for wow (/Users/poojadissanayake/Documents/Deakin/Trimester1/SIT771/1.4/MakingAScene/sounds/wow.wav) [raised in sound.cpp:79]
(16/03/2024) WARNING -> Unable to locate file for wow (/Users/poojadissanayake/Documents/Deakin/Trimester1/SIT771/1.4/MakingAScene/sounds/wow.wav) [raised in sound.cpp:79]
(16/03/2024) WARNING -> Unable to locate file for wow (/Users/poojadissanayake/Documents/Deakin/Trimester1/SIT771/1.4/MakingAScene/sounds/wow.wav) [raised in sound.cpp:79]
(16/03/2024) WARNING -> Unable to locate file for wow (/Users/poojadissanayake/Documents/Deakin/Trimester1/SIT771/1.4/MakingAScene/sounds/wow.wav) [raised in sound.cpp:79]
(16/03/2024) WARNING -> Unable to locate file for wow (/Users/poojadissanayake/Documents/Deakin/Trimester1/SIT771/1.4/MakingAScene/sounds/wow.wav) [raised in sound.cpp:79]
(16/03/2024) WARNING -> Unable to locate file for wow (/Users/poojadissanayake/Documents/Deakin/Trimester1/SIT771/1.4/MakingAScene/sounds/wow.wav) [raised in sound.cpp:79]
(16/03/2024) WARNING -> Unable to locate file for wow (/Users/poojadissanayake/Documents/Deakin/Trimester1/SIT771/1.4/MakingAScene/sounds/wow.wav) [raised in sound.cpp:79]
(16/03/2024) WARNING -> Unable to locate file for wow (/Users/poojadissanayake/Documents/Deakin/Trimester1/SIT771/1.4/MakingAScene/sounds/wow.wav) [raised in sound.cpp:79]
(17/03/2024) WARNING -> Unable to locate file for wow (/Users/poojadissanayake/Documents/Deakin/Trimester1/SIT771/1.4/MakingAScene/sounds/wow.wav) [raised in sound.cpp:79]
(17/03/2024) WARNING -> Unable to locate file for wow (/Users/poojadissanayake/Documents/Deakin/Trimester1/SIT771/1.4/MakingAScene/sounds/wow.wav) [raised in sound.cpp:79]
(17/03/2024) WARNING -> Unable to locate file for wow (/Users/poojadissanayake/Documents/Deakin/Trimester1/SIT771/1.4/MakingAScene/sounds/wow.wav) [raised in sound.cpp:79]
(17/03/2024) WARNING -> Unable to locate file for wow (/Users/poojadissanayake/Documents/Deakin/Trimester1/SIT771/1.4/MakingAScene/sounds/wow.wav) [raised in sound.cpp:79]
(17/03/2024) WARNING -> Unable to locate file for wow (/Users/poojadissanayake/Documents/Deakin/Trimester1/SIT771/1.4/MakingAScene/sounds/wow.wav) [raised in sound.cpp:79]
(17/03/2024) WARNING -> Unable to locate file for wow (/Users/poojadissanayake/Documents/Deakin/Trimester1/SIT771/1.4/MakingAScene/sounds/wow.wav) [raised in sound.cpp:79]
(17/03/2024) WARNING -> Play Sound Effect called, but no valid sound effect supplied [raised in sound.cpp:137]
(17/03/2024) WARNING -> Unable to locate file for wow (/Users/poojadissanayake/Documents/Deakin/Trimester1/SIT771/1.4/MakingAScene/sounds/wow.wav) [raised in sound.cpp:79]
(17/03/2024) WARNING -> Play Sound Effect called, but no valid sound effect supplied [raised in sound.cpp:137]
(17/03/2024) WARNING -> Unable to locate file for wow (/Users/poojadissanayake/Documents/Deakin/Trimester1/SIT771/1.4/MakingAScene/sounds/wow.wav) [raised in sound.cpp:79]
(17/03/2024) WARNING -> Unable to locate file for wow (/Users/poojadissanayake/Documents/Deakin/Trimester1/SIT771/1.4/MakingAScene/sounds/wow.wav) [raised in sound.cpp:79]
(17/03/2024) WARNING -> Unable to locate file for wow (/Users/poojadissanayake/Documents/Deakin/Trimester1/SIT771/1.4/MakingAScene/sounds/wow.wav) [raised in sound.cpp:79]
(17/03/2024) WARNING -> Unable to locate file for wow (/Users/poojadissanayake/Documents/Deakin/Trimester1/SIT771/1.4/MakingAScene/sounds/wow.wav) [raised in sound.cpp:79]
(17/03/2024) WARNING -> Unable to locate file for wow (/Users/poojadissanayake/Documents/Deakin/Trimester1/SIT771/1.4/MakingAScene/sounds/wow.wav) [raised in sound.cpp:79]
(17/03/2024) WARNING -> Play Sound Effect called, but no valid sound effect supplied [raised in sound.cpp:137]
(17/03/2024) WARNING -> Unable to locate file for wow (/Users/poojadissanayake/Documents/Deakin/Trimester1/SIT771/1.4/MakingAScene/sounds/wow.wav) [raised in sound.cpp:79]
(17/03/2024) WARNING -> Play Sound Effect called, but no valid sound effect supplied [raised in sound.cpp:137]
(17/03/2024) WARNING -> Unable to locate file for wow (/Users/poojadissanayake/Documents/Deakin/Trimester1/SIT771/1.4/MakingAScene/sounds/wow.wav) [raised in sound.cpp:79]
(17/03/2024) WARNING -> Play Sound Effect called, but no valid sound effect supplied [raised in sound.cpp:137]
(17/03/2024) WARNING -> Unable to locate file for wow (/Users/poojadissanayake/Documents/Deakin/Trimester1/SIT771/1.4/MakingAScene/sounds/wow.wav) [raised in sound.cpp:79]
(17/03/2024) WARNING -> Play Sound Effect called, but no valid sound effect supplied [raised in sound.cpp:137]
(17/03/2024) WARNING -> Unable to locate file for wow (/Users/poojadissanayake/Documents/Deakin/Trimester1/SIT771/1.4/MakingAScene/sounds/wow.wav) [raised in sound.cpp:79]
(17/03/2024) WARNING -> Play Sound Effect called, but no valid sound effect supplied [raised in sound.cpp:137]
(17/03/2024) WARNING -> Unable to locate file for wow (/Users/poojadissanayake/Documents/Deakin/Trimester1/SIT771/1.4/MakingAScene/sounds/wow.wav) [raised in sound.cpp:79]
